Using pre-set license
Built from '2022.3/release' branch; Version is '2022.3.12f1 (4fe6e059c7ef) revision 5236448'; Using compiler version '192829333'; Build Type 'Release'
OS: 'Windows 11  (10.0.26100) 64bit Core' Language: 'en' Physical Memory: 65296 MB
BatchMode: 1, IsHumanControllingUs: 0, StartBugReporterOnCrash: 0, Is64bit: 1, IsPro: 1

COMMAND LINE ARGUMENTS:
C:\Program Files\Unity\Hub\Editor\2022.3.12f1\Editor\Unity.exe
-adb2
-batchMode
-noUpm
-name
AssetImportWorker2
-projectPath
C:/Users/andre/Documents/GitHub/SW-demo-bckup/sporewood_Demo
-logFile
Logs/AssetImportWorker2.log
-srvPort
52504
Successfully changed project path to: C:/Users/andre/Documents/GitHub/SW-demo-bckup/sporewood_Demo
C:/Users/andre/Documents/GitHub/SW-demo-bckup/sporewood_Demo
[UnityMemory] Configuration Parameters - Can be set up in boot.config
    "memorysetup-bucket-allocator-granularity=16"
    "memorysetup-bucket-allocator-bucket-count=8"
    "memorysetup-bucket-allocator-block-size=33554432"
    "memorysetup-bucket-allocator-block-count=8"
    "memorysetup-main-allocator-block-size=16777216"
    "memorysetup-thread-allocator-block-size=16777216"
    "memorysetup-gfx-main-allocator-block-size=16777216"
    "memorysetup-gfx-thread-allocator-block-size=16777216"
    "memorysetup-cache-allocator-block-size=4194304"
    "memorysetup-typetree-allocator-block-size=2097152"
    "memorysetup-profiler-bucket-allocator-granularity=16"
    "memorysetup-profiler-bucket-allocator-bucket-count=8"
    "memorysetup-profiler-bucket-allocator-block-size=33554432"
    "memorysetup-profiler-bucket-allocator-block-count=8"
    "memorysetup-profiler-allocator-block-size=16777216"
    "memorysetup-profiler-editor-allocator-block-size=1048576"
    "memorysetup-temp-allocator-size-main=16777216"
    "memorysetup-job-temp-allocator-block-size=2097152"
    "memorysetup-job-temp-allocator-block-size-background=1048576"
    "memorysetup-job-temp-allocator-reduction-small-platforms=262144"
    "memorysetup-allocator-temp-initial-block-size-main=262144"
    "memorysetup-allocator-temp-initial-block-size-worker=262144"
    "memorysetup-temp-allocator-size-background-worker=32768"
    "memorysetup-temp-allocator-size-job-worker=262144"
    "memorysetup-temp-allocator-size-preload-manager=33554432"
    "memorysetup-temp-allocator-size-nav-mesh-worker=65536"
    "memorysetup-temp-allocator-size-audio-worker=65536"
    "memorysetup-temp-allocator-size-cloud-worker=32768"
    "memorysetup-temp-allocator-size-gi-baking-worker=262144"
    "memorysetup-temp-allocator-size-gfx=262144"
Player connection [19880] Host "[IP] 10.0.0.43 [Port] 0 [Flags] 2 [Guid] 412880681 [EditorId] 412880681 [Version] 1048832 [Id] WindowsEditor(7,AJsMSIlaptop) [Debug] 1 [PackageName] WindowsEditor [ProjectName] Editor" joined multi-casting on [225.0.0.222:54997]...

Player connection [19880] Host "[IP] 10.0.0.43 [Port] 0 [Flags] 2 [Guid] 412880681 [EditorId] 412880681 [Version] 1048832 [Id] WindowsEditor(7,AJsMSIlaptop) [Debug] 1 [PackageName] WindowsEditor [ProjectName] Editor" joined alternative multi-casting on [225.0.0.222:34997]...

[Physics::Module] Initialized MultithreadedJobDispatcher with 11 workers.
Refreshing native plugins compatible for Editor in 29.50 ms, found 9 plugins.
Preloading 0 native plugins for Editor in 0.00 ms.
Initialize engine version: 2022.3.12f1 (4fe6e059c7ef)
[Subsystems] Discovering subsystems at path C:/Program Files/Unity/Hub/Editor/2022.3.12f1/Editor/Data/Resources/UnitySubsystems
[Subsystems] Discovering subsystems at path C:/Users/andre/Documents/GitHub/SW-demo-bckup/sporewood_Demo/Assets
GfxDevice: creating device client; threaded=0; jobified=0
Direct3D:
    Version:  Direct3D 11.0 [level 11.1]
    Renderer: NVIDIA GeForce RTX 2060 (ID=0x1f15)
    Vendor:   NVIDIA
    VRAM:     5955 MB
    Driver:   32.0.15.6636
Initialize mono
Mono path[0] = 'C:/Program Files/Unity/Hub/Editor/2022.3.12f1/Editor/Data/Managed'
Mono path[1] = 'C:/Program Files/Unity/Hub/Editor/2022.3.12f1/Editor/Data/MonoBleedingEdge/lib/mono/unityjit-win32'
Mono config path = 'C:/Program Files/Unity/Hub/Editor/2022.3.12f1/Editor/Data/MonoBleedingEdge/etc'
Using monoOptions --debugger-agent=transport=dt_socket,embedding=1,server=y,suspend=n,address=127.0.0.1:56900
Begin MonoManager ReloadAssembly
Registering precompiled unity dll's ...
Register platform support module: C:/Program Files/Unity/Hub/Editor/2022.3.12f1/Editor/Data/PlaybackEngines/WindowsStandaloneSupport/UnityEditor.WindowsStandalone.Extensions.dll
Register platform support module: C:/Program Files/Unity/Hub/Editor/2022.3.12f1/Editor/Data/PlaybackEngines/MetroSupport/UnityEditor.UWP.Extensions.dll
Registered in 0.029186 seconds.
- Loaded All Assemblies, in  0.485 seconds
Native extension for UWP target not found
Native extension for WindowsStandalone target not found
Mono: successfully reloaded assembly
- Finished resetting the current domain, in  0.322 seconds
Domain Reload Profiling: 800ms
	BeginReloadAssembly (149ms)
		ExecutionOrderSort (0ms)
		DisableScriptedObjects (0ms)
		BackupInstance (0ms)
		ReleaseScriptingObjects (0ms)
		CreateAndSetChildDomain (1ms)
	RebuildCommonClasses (40ms)
	RebuildNativeTypeToScriptingClass (13ms)
	initialDomainReloadingComplete (102ms)
	LoadAllAssembliesAndSetupDomain (173ms)
		LoadAssemblies (145ms)
		RebuildTransferFunctionScriptingTraits (0ms)
		AnalyzeDomain (170ms)
			TypeCache.Refresh (168ms)
				TypeCache.ScanAssembly (150ms)
			ScanForSourceGeneratedMonoScriptInfo (0ms)
			ResolveRequiredComponents (1ms)
	FinalizeReload (322ms)
		ReleaseScriptCaches (0ms)
		RebuildScriptCaches (0ms)
		SetupLoadedEditorAssemblies (248ms)
			LogAssemblyErrors (0ms)
			InitializePlatformSupportModulesInManaged (21ms)
			SetLoadedEditorAssemblies (8ms)
			RefreshPlugins (0ms)
			BeforeProcessingInitializeOnLoad (2ms)
			ProcessInitializeOnLoadAttributes (133ms)
			ProcessInitializeOnLoadMethodAttributes (83ms)
			AfterProcessingInitializeOnLoad (0ms)
			EditorAssembliesLoaded (0ms)
		ExecutionOrderSort2 (0ms)
		AwakeInstancesAfterBackupRestoration (0ms)
========================================================================
Worker process is ready to serve import requests
Begin MonoManager ReloadAssembly
- Loaded All Assemblies, in  1.059 seconds
Refreshing native plugins compatible for Editor in 20.90 ms, found 9 plugins.
Native extension for UWP target not found
Native extension for WindowsStandalone target not found
Package Manager log level set to [2]
[Package Manager] Server::EnsureServerProcessIsRunning -- launch failed, reason: Unity was launched with the -noUpm command-line argument
[Package Manager] UpmClient::Send -- Unable to send message (not connected to UPM process).
[Package Manager] Cannot connect to Unity Package Manager local server
Mono: successfully reloaded assembly
- Finished resetting the current domain, in  2.094 seconds
Domain Reload Profiling: 3140ms
	BeginReloadAssembly (201ms)
		ExecutionOrderSort (0ms)
		DisableScriptedObjects (6ms)
		BackupInstance (0ms)
		ReleaseScriptingObjects (0ms)
		CreateAndSetChildDomain (24ms)
	RebuildCommonClasses (46ms)
	RebuildNativeTypeToScriptingClass (13ms)
	initialDomainReloadingComplete (67ms)
	LoadAllAssembliesAndSetupDomain (719ms)
		LoadAssemblies (574ms)
		RebuildTransferFunctionScriptingTraits (0ms)
		AnalyzeDomain (268ms)
			TypeCache.Refresh (207ms)
				TypeCache.ScanAssembly (185ms)
			ScanForSourceGeneratedMonoScriptInfo (42ms)
			ResolveRequiredComponents (17ms)
	FinalizeReload (2094ms)
		ReleaseScriptCaches (0ms)
		RebuildScriptCaches (0ms)
		SetupLoadedEditorAssemblies (1772ms)
			LogAssemblyErrors (0ms)
			InitializePlatformSupportModulesInManaged (22ms)
			SetLoadedEditorAssemblies (7ms)
			RefreshPlugins (0ms)
			BeforeProcessingInitializeOnLoad (212ms)
			ProcessInitializeOnLoadAttributes (1389ms)
			ProcessInitializeOnLoadMethodAttributes (108ms)
			AfterProcessingInitializeOnLoad (34ms)
			EditorAssembliesLoaded (0ms)
		ExecutionOrderSort2 (0ms)
		AwakeInstancesAfterBackupRestoration (36ms)
Launched and connected shader compiler UnityShaderCompiler.exe after 0.10 seconds
Refreshing native plugins compatible for Editor in 26.13 ms, found 9 plugins.
Preloading 0 native plugins for Editor in 0.00 ms.
Unloading 5318 Unused Serialized files (Serialized files now loaded: 0)
Unloading 108 unused Assets / (1.0 MB). Loaded Objects now: 5769.
Memory consumption went from 180.4 MB to 179.5 MB.
Total: 4.846100 ms (FindLiveObjects: 0.441300 ms CreateObjectMapping: 0.512600 ms MarkObjects: 3.139800 ms  DeleteObjects: 0.748800 ms)

AssetImportParameters requested are different than current active one (requested -> active):
  custom:container-demuxer-ogg: 62fdf1f143b41e24485cea50d1cbac27 -> 
  custom:video-codec-MediaFoundation-h265: 746d11721c4dcdbdad8f713fa42b33f4 -> 
  custom:video-decoder-ogg-theora: a1e56fd34408186e4bbccfd4996cb3dc -> 
  custom:framework-win-MediaFoundation: 216162199b28c13a410421893ffa2e32 -> 
  custom:CustomObjectIndexerAttribute: 756ad292c208cfabdd7b50bc23989ffe -> 
  custom:container-demuxer-webm: 4f35f7cbe854078d1ac9338744f61a02 -> 
  custom:container-muxer-webm: aa71ff27fc2769a1b78a27578f13a17b -> 
  custom:video-decoder-webm-vp8: 9c59270c3fd7afecdb556c50c9e8de78 -> 
  custom:SearchIndexIgnoredProperties: e643bd26f0fe6173181afceb89e7c659 -> 
  custom:AudioImporter_EditorPlatform: d09bf68614088b80899f8185d706f6e7 -> 
  custom:video-encoder-webm-vp8: eb34c28f22e8b96e1ab97ce403110664 -> 
  custom:audio-decoder-ogg-vorbis: bf7c407c2cedff20999df2af8eb42d56 -> 
  custom:audio-encoder-webm-vorbis: bf7c407c2cedff20999df2af8eb42d56 -> 
========================================================================
Received Prepare
Begin MonoManager ReloadAssembly
- Loaded All Assemblies, in  1.042 seconds
Refreshing native plugins compatible for Editor in 19.61 ms, found 9 plugins.
Native extension for UWP target not found
Native extension for WindowsStandalone target not found
[Package Manager] Server::EnsureServerProcessIsRunning -- launch failed, reason: Unity was launched with the -noUpm command-line argument
[Package Manager] UpmClient::Send -- Unable to send message (not connected to UPM process).
[Package Manager] Cannot connect to Unity Package Manager local server
Mono: successfully reloaded assembly
- Finished resetting the current domain, in  2.080 seconds
Domain Reload Profiling: 3096ms
	BeginReloadAssembly (345ms)
		ExecutionOrderSort (0ms)
		DisableScriptedObjects (13ms)
		BackupInstance (0ms)
		ReleaseScriptingObjects (0ms)
		CreateAndSetChildDomain (60ms)
	RebuildCommonClasses (61ms)
	RebuildNativeTypeToScriptingClass (16ms)
	initialDomainReloadingComplete (80ms)
	LoadAllAssembliesAndSetupDomain (514ms)
		LoadAssemblies (700ms)
		RebuildTransferFunctionScriptingTraits (0ms)
		AnalyzeDomain (24ms)
			TypeCache.Refresh (8ms)
				TypeCache.ScanAssembly (0ms)
			ScanForSourceGeneratedMonoScriptInfo (0ms)
			ResolveRequiredComponents (14ms)
	FinalizeReload (2080ms)
		ReleaseScriptCaches (0ms)
		RebuildScriptCaches (0ms)
		SetupLoadedEditorAssemblies (846ms)
			LogAssemblyErrors (0ms)
			InitializePlatformSupportModulesInManaged (17ms)
			SetLoadedEditorAssemblies (6ms)
			RefreshPlugins (0ms)
			BeforeProcessingInitializeOnLoad (164ms)
			ProcessInitializeOnLoadAttributes (593ms)
			ProcessInitializeOnLoadMethodAttributes (41ms)
			AfterProcessingInitializeOnLoad (25ms)
			EditorAssembliesLoaded (0ms)
		ExecutionOrderSort2 (0ms)
		AwakeInstancesAfterBackupRestoration (44ms)
Refreshing native plugins compatible for Editor in 21.04 ms, found 9 plugins.
Preloading 0 native plugins for Editor in 0.00 ms.
Unloading 5279 Unused Serialized files (Serialized files now loaded: 0)
Unloading 58 unused Assets / (0.9 MB). Loaded Objects now: 5786.
Memory consumption went from 173.9 MB to 173.0 MB.
Total: 6.129000 ms (FindLiveObjects: 0.631400 ms CreateObjectMapping: 0.600000 ms MarkObjects: 3.872100 ms  DeleteObjects: 1.024300 ms)

Prepare: number of updated asset objects reloaded= 0
AssetImportParameters requested are different than current active one (requested -> active):
  custom:container-demuxer-ogg: 62fdf1f143b41e24485cea50d1cbac27 -> 
  custom:video-codec-MediaFoundation-h265: 746d11721c4dcdbdad8f713fa42b33f4 -> 
  custom:video-decoder-ogg-theora: a1e56fd34408186e4bbccfd4996cb3dc -> 
  custom:framework-win-MediaFoundation: 216162199b28c13a410421893ffa2e32 -> 
  custom:CustomObjectIndexerAttribute: 756ad292c208cfabdd7b50bc23989ffe -> 
  custom:container-demuxer-webm: 4f35f7cbe854078d1ac9338744f61a02 -> 
  custom:container-muxer-webm: aa71ff27fc2769a1b78a27578f13a17b -> 
  custom:video-decoder-webm-vp8: 9c59270c3fd7afecdb556c50c9e8de78 -> 
  custom:SearchIndexIgnoredProperties: e643bd26f0fe6173181afceb89e7c659 -> 
  custom:AudioImporter_EditorPlatform: d09bf68614088b80899f8185d706f6e7 -> 
  custom:video-encoder-webm-vp8: eb34c28f22e8b96e1ab97ce403110664 -> 
  custom:audio-decoder-ogg-vorbis: bf7c407c2cedff20999df2af8eb42d56 -> 
  custom:audio-encoder-webm-vorbis: bf7c407c2cedff20999df2af8eb42d56 -> 
========================================================================
Received Import Request.
  Time since last request: 9948.843241 seconds.
  path: Assets/characters/playerCharacter_walkaway.anim
  artifactKey: Guid(5b17951c8da4242ba80fe2789d84b55b) Importer(815301076,1909f56bfc062723c751e8b465ee728b)
Start importing Assets/characters/playerCharacter_walkaway.anim using Guid(5b17951c8da4242ba80fe2789d84b55b) Importer(815301076,1909f56bfc062723c751e8b465ee728b)  -> (artifact id: 'd84af878288f299ba02fdcbfcc5096f3') in 0.014565 seconds
Number of updated asset objects reloaded before import = 0
Number of asset objects unloaded after import = 1
========================================================================
Received Import Request.
  Time since last request: 54.770434 seconds.
  path: Assets/characters/viridia_10.controller
  artifactKey: Guid(54f06b776f25bdc46b1267354355265b) Importer(815301076,1909f56bfc062723c751e8b465ee728b)
Start importing Assets/characters/viridia_10.controller using Guid(54f06b776f25bdc46b1267354355265b) Importer(815301076,1909f56bfc062723c751e8b465ee728b)  -> (artifact id: '7df240e70e9854e0e48da3e45166c6af') in 0.004183 seconds
Number of updated asset objects reloaded before import = 0
Number of asset objects unloaded after import = 4
========================================================================
Received Import Request.
  Time since last request: 57.257190 seconds.
  path: Assets/characters/Viridia.anim
  artifactKey: Guid(8e61dd3e2c5a8574baf85ffda069079e) Importer(815301076,1909f56bfc062723c751e8b465ee728b)
Start importing Assets/characters/Viridia.anim using Guid(8e61dd3e2c5a8574baf85ffda069079e) Importer(815301076,1909f56bfc062723c751e8b465ee728b)  -> (artifact id: '7d73c300eedd36d6bbe75199a8faf3cf') in 0.001582 seconds
Number of updated asset objects reloaded before import = 0
Number of asset objects unloaded after import = 1
========================================================================
Received Prepare
Begin MonoManager ReloadAssembly
- Loaded All Assemblies, in  0.988 seconds
Refreshing native plugins compatible for Editor in 22.63 ms, found 9 plugins.
Native extension for UWP target not found
Native extension for WindowsStandalone target not found
[Package Manager] Server::EnsureServerProcessIsRunning -- launch failed, reason: Unity was launched with the -noUpm command-line argument
[Package Manager] UpmClient::Send -- Unable to send message (not connected to UPM process).
[Package Manager] Cannot connect to Unity Package Manager local server
Mono: successfully reloaded assembly
- Finished resetting the current domain, in  2.333 seconds
Domain Reload Profiling: 3300ms
	BeginReloadAssembly (285ms)
		ExecutionOrderSort (0ms)
		DisableScriptedObjects (12ms)
		BackupInstance (0ms)
		ReleaseScriptingObjects (0ms)
		CreateAndSetChildDomain (58ms)
	RebuildCommonClasses (42ms)
	RebuildNativeTypeToScriptingClass (17ms)
	initialDomainReloadingComplete (73ms)
	LoadAllAssembliesAndSetupDomain (550ms)
		LoadAssemblies (684ms)
		RebuildTransferFunctionScriptingTraits (0ms)
		AnalyzeDomain (27ms)
			TypeCache.Refresh (11ms)
				TypeCache.ScanAssembly (0ms)
			ScanForSourceGeneratedMonoScriptInfo (0ms)
			ResolveRequiredComponents (15ms)
	FinalizeReload (2333ms)
		ReleaseScriptCaches (0ms)
		RebuildScriptCaches (0ms)
		SetupLoadedEditorAssemblies (899ms)
			LogAssemblyErrors (0ms)
			InitializePlatformSupportModulesInManaged (23ms)
			SetLoadedEditorAssemblies (6ms)
			RefreshPlugins (0ms)
			BeforeProcessingInitializeOnLoad (187ms)
			ProcessInitializeOnLoadAttributes (616ms)
			ProcessInitializeOnLoadMethodAttributes (37ms)
			AfterProcessingInitializeOnLoad (30ms)
			EditorAssembliesLoaded (0ms)
		ExecutionOrderSort2 (0ms)
		AwakeInstancesAfterBackupRestoration (42ms)
Refreshing native plugins compatible for Editor in 17.83 ms, found 9 plugins.
Preloading 0 native plugins for Editor in 0.00 ms.
Unloading 5278 Unused Serialized files (Serialized files now loaded: 0)
Unloading 58 unused Assets / (0.9 MB). Loaded Objects now: 5803.
Memory consumption went from 175.6 MB to 174.7 MB.
Total: 6.662700 ms (FindLiveObjects: 0.427200 ms CreateObjectMapping: 0.435300 ms MarkObjects: 5.186000 ms  DeleteObjects: 0.612200 ms)

Prepare: number of updated asset objects reloaded= 0
AssetImportParameters requested are different than current active one (requested -> active):
  custom:container-demuxer-ogg: 62fdf1f143b41e24485cea50d1cbac27 -> 
  custom:video-codec-MediaFoundation-h265: 746d11721c4dcdbdad8f713fa42b33f4 -> 
  custom:video-decoder-ogg-theora: a1e56fd34408186e4bbccfd4996cb3dc -> 
  custom:framework-win-MediaFoundation: 216162199b28c13a410421893ffa2e32 -> 
  custom:CustomObjectIndexerAttribute: 756ad292c208cfabdd7b50bc23989ffe -> 
  custom:container-demuxer-webm: 4f35f7cbe854078d1ac9338744f61a02 -> 
  custom:container-muxer-webm: aa71ff27fc2769a1b78a27578f13a17b -> 
  custom:video-decoder-webm-vp8: 9c59270c3fd7afecdb556c50c9e8de78 -> 
  custom:SearchIndexIgnoredProperties: e643bd26f0fe6173181afceb89e7c659 -> 
  custom:AudioImporter_EditorPlatform: d09bf68614088b80899f8185d706f6e7 -> 
  custom:video-encoder-webm-vp8: eb34c28f22e8b96e1ab97ce403110664 -> 
  custom:audio-decoder-ogg-vorbis: bf7c407c2cedff20999df2af8eb42d56 -> 
  custom:audio-encoder-webm-vorbis: bf7c407c2cedff20999df2af8eb42d56 -> 
========================================================================
Received Prepare
Begin MonoManager ReloadAssembly
- Loaded All Assemblies, in  0.945 seconds
Refreshing native plugins compatible for Editor in 18.87 ms, found 9 plugins.
Native extension for UWP target not found
Native extension for WindowsStandalone target not found
[Package Manager] Server::EnsureServerProcessIsRunning -- launch failed, reason: Unity was launched with the -noUpm command-line argument
[Package Manager] UpmClient::Send -- Unable to send message (not connected to UPM process).
[Package Manager] Cannot connect to Unity Package Manager local server
Mono: successfully reloaded assembly
- Finished resetting the current domain, in  2.036 seconds
Domain Reload Profiling: 2958ms
	BeginReloadAssembly (271ms)
		ExecutionOrderSort (0ms)
		DisableScriptedObjects (12ms)
		BackupInstance (0ms)
		ReleaseScriptingObjects (0ms)
		CreateAndSetChildDomain (47ms)
	RebuildCommonClasses (43ms)
	RebuildNativeTypeToScriptingClass (13ms)
	initialDomainReloadingComplete (61ms)
	LoadAllAssembliesAndSetupDomain (532ms)
		LoadAssemblies (671ms)
		RebuildTransferFunctionScriptingTraits (0ms)
		AnalyzeDomain (21ms)
			TypeCache.Refresh (7ms)
				TypeCache.ScanAssembly (0ms)
			ScanForSourceGeneratedMonoScriptInfo (0ms)
			ResolveRequiredComponents (12ms)
	FinalizeReload (2037ms)
		ReleaseScriptCaches (0ms)
		RebuildScriptCaches (0ms)
		SetupLoadedEditorAssemblies (855ms)
			LogAssemblyErrors (0ms)
			InitializePlatformSupportModulesInManaged (19ms)
			SetLoadedEditorAssemblies (8ms)
			RefreshPlugins (0ms)
			BeforeProcessingInitializeOnLoad (156ms)
			ProcessInitializeOnLoadAttributes (595ms)
			ProcessInitializeOnLoadMethodAttributes (45ms)
			AfterProcessingInitializeOnLoad (32ms)
			EditorAssembliesLoaded (0ms)
		ExecutionOrderSort2 (0ms)
		AwakeInstancesAfterBackupRestoration (45ms)
Refreshing native plugins compatible for Editor in 19.33 ms, found 9 plugins.
Preloading 0 native plugins for Editor in 0.00 ms.
Unloading 5279 Unused Serialized files (Serialized files now loaded: 0)
Unloading 58 unused Assets / (0.8 MB). Loaded Objects now: 5819.
Memory consumption went from 177.7 MB to 176.9 MB.
Total: 5.187600 ms (FindLiveObjects: 0.632500 ms CreateObjectMapping: 0.481000 ms MarkObjects: 3.557600 ms  DeleteObjects: 0.515600 ms)

Prepare: number of updated asset objects reloaded= 0
AssetImportParameters requested are different than current active one (requested -> active):
  custom:container-demuxer-ogg: 62fdf1f143b41e24485cea50d1cbac27 -> 
  custom:video-codec-MediaFoundation-h265: 746d11721c4dcdbdad8f713fa42b33f4 -> 
  custom:video-decoder-ogg-theora: a1e56fd34408186e4bbccfd4996cb3dc -> 
  custom:framework-win-MediaFoundation: 216162199b28c13a410421893ffa2e32 -> 
  custom:CustomObjectIndexerAttribute: 756ad292c208cfabdd7b50bc23989ffe -> 
  custom:container-demuxer-webm: 4f35f7cbe854078d1ac9338744f61a02 -> 
  custom:container-muxer-webm: aa71ff27fc2769a1b78a27578f13a17b -> 
  custom:video-decoder-webm-vp8: 9c59270c3fd7afecdb556c50c9e8de78 -> 
  custom:SearchIndexIgnoredProperties: e643bd26f0fe6173181afceb89e7c659 -> 
  custom:AudioImporter_EditorPlatform: d09bf68614088b80899f8185d706f6e7 -> 
  custom:video-encoder-webm-vp8: eb34c28f22e8b96e1ab97ce403110664 -> 
  custom:audio-decoder-ogg-vorbis: bf7c407c2cedff20999df2af8eb42d56 -> 
  custom:audio-encoder-webm-vorbis: bf7c407c2cedff20999df2af8eb42d56 -> 
========================================================================
Received Import Request.
  Time since last request: 84.473467 seconds.
  path: Assets/characters/playerCharacter.controller
  artifactKey: Guid(568dc7ed6fdb8314c9c57895ff308877) Importer(815301076,1909f56bfc062723c751e8b465ee728b)
Start importing Assets/characters/playerCharacter.controller using Guid(568dc7ed6fdb8314c9c57895ff308877) Importer(815301076,1909f56bfc062723c751e8b465ee728b)  -> (artifact id: 'b3c3ce601dc8f85be092a0be70b8b4a5') in 0.019783 seconds
Number of updated asset objects reloaded before import = 0
Number of asset objects unloaded after import = 1
========================================================================
Received Prepare
Begin MonoManager ReloadAssembly
- Loaded All Assemblies, in  0.956 seconds
Refreshing native plugins compatible for Editor in 20.19 ms, found 9 plugins.
Native extension for UWP target not found
Native extension for WindowsStandalone target not found
[Package Manager] Server::EnsureServerProcessIsRunning -- launch failed, reason: Unity was launched with the -noUpm command-line argument
[Package Manager] UpmClient::Send -- Unable to send message (not connected to UPM process).
[Package Manager] Cannot connect to Unity Package Manager local server
Mono: successfully reloaded assembly
- Finished resetting the current domain, in  2.099 seconds
Domain Reload Profiling: 3036ms
	BeginReloadAssembly (295ms)
		ExecutionOrderSort (0ms)
		DisableScriptedObjects (11ms)
		BackupInstance (0ms)
		ReleaseScriptingObjects (0ms)
		CreateAndSetChildDomain (50ms)
	RebuildCommonClasses (48ms)
	RebuildNativeTypeToScriptingClass (15ms)
	initialDomainReloadingComplete (61ms)
	LoadAllAssembliesAndSetupDomain (517ms)
		LoadAssemblies (674ms)
		RebuildTransferFunctionScriptingTraits (0ms)
		AnalyzeDomain (22ms)
			TypeCache.Refresh (6ms)
				TypeCache.ScanAssembly (0ms)
			ScanForSourceGeneratedMonoScriptInfo (0ms)
			ResolveRequiredComponents (14ms)
	FinalizeReload (2099ms)
		ReleaseScriptCaches (0ms)
		RebuildScriptCaches (0ms)
		SetupLoadedEditorAssemblies (840ms)
			LogAssemblyErrors (0ms)
			InitializePlatformSupportModulesInManaged (16ms)
			SetLoadedEditorAssemblies (6ms)
			RefreshPlugins (0ms)
			BeforeProcessingInitializeOnLoad (166ms)
			ProcessInitializeOnLoadAttributes (586ms)
			ProcessInitializeOnLoadMethodAttributes (38ms)
			AfterProcessingInitializeOnLoad (27ms)
			EditorAssembliesLoaded (0ms)
		ExecutionOrderSort2 (0ms)
		AwakeInstancesAfterBackupRestoration (40ms)
Refreshing native plugins compatible for Editor in 19.26 ms, found 9 plugins.
Preloading 0 native plugins for Editor in 0.00 ms.
Unloading 5278 Unused Serialized files (Serialized files now loaded: 0)
Unloading 58 unused Assets / (0.9 MB). Loaded Objects now: 5835.
Memory consumption went from 179.4 MB to 178.6 MB.
Total: 8.619500 ms (FindLiveObjects: 0.740400 ms CreateObjectMapping: 1.204600 ms MarkObjects: 6.058200 ms  DeleteObjects: 0.614600 ms)

Prepare: number of updated asset objects reloaded= 0
AssetImportParameters requested are different than current active one (requested -> active):
  custom:container-demuxer-ogg: 62fdf1f143b41e24485cea50d1cbac27 -> 
  custom:video-codec-MediaFoundation-h265: 746d11721c4dcdbdad8f713fa42b33f4 -> 
  custom:video-decoder-ogg-theora: a1e56fd34408186e4bbccfd4996cb3dc -> 
  custom:framework-win-MediaFoundation: 216162199b28c13a410421893ffa2e32 -> 
  custom:CustomObjectIndexerAttribute: 756ad292c208cfabdd7b50bc23989ffe -> 
  custom:container-demuxer-webm: 4f35f7cbe854078d1ac9338744f61a02 -> 
  custom:container-muxer-webm: aa71ff27fc2769a1b78a27578f13a17b -> 
  custom:video-decoder-webm-vp8: 9c59270c3fd7afecdb556c50c9e8de78 -> 
  custom:SearchIndexIgnoredProperties: e643bd26f0fe6173181afceb89e7c659 -> 
  custom:AudioImporter_EditorPlatform: d09bf68614088b80899f8185d706f6e7 -> 
  custom:video-encoder-webm-vp8: eb34c28f22e8b96e1ab97ce403110664 -> 
  custom:audio-decoder-ogg-vorbis: bf7c407c2cedff20999df2af8eb42d56 -> 
  custom:audio-encoder-webm-vorbis: bf7c407c2cedff20999df2af8eb42d56 -> 
========================================================================
Received Import Request.
  Time since last request: 300.530277 seconds.
  path: Assets/animations/playerCharacter 1.controller
  artifactKey: Guid(20068320a622e4a24a60d52a81a7ad36) Importer(815301076,1909f56bfc062723c751e8b465ee728b)
Start importing Assets/animations/playerCharacter 1.controller using Guid(20068320a622e4a24a60d52a81a7ad36) Importer(815301076,1909f56bfc062723c751e8b465ee728b)  -> (artifact id: 'a9048bb6942454611ec555f2bbbdbdad') in 0.028089 seconds
Number of updated asset objects reloaded before import = 0
Number of asset objects unloaded after import = 18
========================================================================
Received Import Request.
  Time since last request: 2.146565 seconds.
  path: Assets/animations/playerCharacter.controller
  artifactKey: Guid(b30de24bc766f974093bd28622f25a02) Importer(815301076,1909f56bfc062723c751e8b465ee728b)
Start importing Assets/animations/playerCharacter.controller using Guid(b30de24bc766f974093bd28622f25a02) Importer(815301076,1909f56bfc062723c751e8b465ee728b)  -> (artifact id: '60a764b10255bd45019a92a5763283b7') in 0.001825 seconds
Number of updated asset objects reloaded before import = 0
Number of asset objects unloaded after import = 4
========================================================================
Received Import Request.
  Time since last request: 4.644946 seconds.
  path: Assets/animations/playerCharacter_idle.anim
  artifactKey: Guid(0495c2fdaa0ad4f9dba3344c438390f7) Importer(815301076,1909f56bfc062723c751e8b465ee728b)
Start importing Assets/animations/playerCharacter_idle.anim using Guid(0495c2fdaa0ad4f9dba3344c438390f7) Importer(815301076,1909f56bfc062723c751e8b465ee728b)  -> (artifact id: 'baacb4f58b4af6cae9b03c3c8fb2034f') in 0.002204 seconds
Number of updated asset objects reloaded before import = 0
Number of asset objects unloaded after import = 1
========================================================================
Received Import Request.
  Time since last request: 2.073772 seconds.
  path: Assets/animations/playerCharacter_walk.anim
  artifactKey: Guid(98bf5077bb636461892cf301c9289cab) Importer(815301076,1909f56bfc062723c751e8b465ee728b)
Start importing Assets/animations/playerCharacter_walk.anim using Guid(98bf5077bb636461892cf301c9289cab) Importer(815301076,1909f56bfc062723c751e8b465ee728b)  -> (artifact id: 'db69821813e4c676c2d70a1f72fd91b0') in 0.002021 seconds
Number of updated asset objects reloaded before import = 0
Number of asset objects unloaded after import = 1
========================================================================
Received Import Request.
  Time since last request: 0.637648 seconds.
  path: Assets/animations/playerWalk.anim
  artifactKey: Guid(95785b8078f8ba2439b2ca2a04635a37) Importer(815301076,1909f56bfc062723c751e8b465ee728b)
Start importing Assets/animations/playerWalk.anim using Guid(95785b8078f8ba2439b2ca2a04635a37) Importer(815301076,1909f56bfc062723c751e8b465ee728b)  -> (artifact id: 'ea6887e9e69b839ae5a01618dbf5713a') in 0.002706 seconds
Number of updated asset objects reloaded before import = 0
Number of asset objects unloaded after import = 1
========================================================================
Received Import Request.
  Time since last request: 0.652598 seconds.
  path: Assets/animations/viridiaWalk.anim
  artifactKey: Guid(d21549fc793202040bc0f0f90149be68) Importer(815301076,1909f56bfc062723c751e8b465ee728b)
Start importing Assets/animations/viridiaWalk.anim using Guid(d21549fc793202040bc0f0f90149be68) Importer(815301076,1909f56bfc062723c751e8b465ee728b)  -> (artifact id: '3353994cc0ecf35dd084db1e58b6ab36') in 0.002197 seconds
Number of updated asset objects reloaded before import = 0
Number of asset objects unloaded after import = 1
========================================================================
Received Prepare
Begin MonoManager ReloadAssembly
- Loaded All Assemblies, in  0.943 seconds
Refreshing native plugins compatible for Editor in 17.67 ms, found 9 plugins.
Native extension for UWP target not found
Native extension for WindowsStandalone target not found
[Package Manager] Server::EnsureServerProcessIsRunning -- launch failed, reason: Unity was launched with the -noUpm command-line argument
[Package Manager] UpmClient::Send -- Unable to send message (not connected to UPM process).
[Package Manager] Cannot connect to Unity Package Manager local server
Mono: successfully reloaded assembly
- Finished resetting the current domain, in  2.282 seconds
Domain Reload Profiling: 3203ms
	BeginReloadAssembly (291ms)
		ExecutionOrderSort (0ms)
		DisableScriptedObjects (13ms)
		BackupInstance (0ms)
		ReleaseScriptingObjects (0ms)
		CreateAndSetChildDomain (50ms)
	RebuildCommonClasses (45ms)
	RebuildNativeTypeToScriptingClass (14ms)
	initialDomainReloadingComplete (51ms)
	LoadAllAssembliesAndSetupDomain (520ms)
		LoadAssemblies (662ms)
		RebuildTransferFunctionScriptingTraits (0ms)
		AnalyzeDomain (27ms)
			TypeCache.Refresh (10ms)
				TypeCache.ScanAssembly (0ms)
			ScanForSourceGeneratedMonoScriptInfo (0ms)
			ResolveRequiredComponents (15ms)
	FinalizeReload (2282ms)
		ReleaseScriptCaches (0ms)
		RebuildScriptCaches (0ms)
		SetupLoadedEditorAssemblies (795ms)
			LogAssemblyErrors (0ms)
			InitializePlatformSupportModulesInManaged (16ms)
			SetLoadedEditorAssemblies (7ms)
			RefreshPlugins (0ms)
			BeforeProcessingInitializeOnLoad (157ms)
			ProcessInitializeOnLoadAttributes (553ms)
			ProcessInitializeOnLoadMethodAttributes (37ms)
			AfterProcessingInitializeOnLoad (24ms)
			EditorAssembliesLoaded (0ms)
		ExecutionOrderSort2 (0ms)
		AwakeInstancesAfterBackupRestoration (42ms)
Refreshing native plugins compatible for Editor in 28.95 ms, found 9 plugins.
Preloading 0 native plugins for Editor in 0.00 ms.
Unloading 5278 Unused Serialized files (Serialized files now loaded: 0)
Unloading 58 unused Assets / (0.8 MB). Loaded Objects now: 5851.
Memory consumption went from 181.3 MB to 180.5 MB.
Total: 8.599100 ms (FindLiveObjects: 0.734300 ms CreateObjectMapping: 0.632900 ms MarkObjects: 5.836700 ms  DeleteObjects: 1.391200 ms)

Prepare: number of updated asset objects reloaded= 0
AssetImportParameters requested are different than current active one (requested -> active):
  custom:container-demuxer-ogg: 62fdf1f143b41e24485cea50d1cbac27 -> 
  custom:video-codec-MediaFoundation-h265: 746d11721c4dcdbdad8f713fa42b33f4 -> 
  custom:video-decoder-ogg-theora: a1e56fd34408186e4bbccfd4996cb3dc -> 
  custom:framework-win-MediaFoundation: 216162199b28c13a410421893ffa2e32 -> 
  custom:CustomObjectIndexerAttribute: 756ad292c208cfabdd7b50bc23989ffe -> 
  custom:container-demuxer-webm: 4f35f7cbe854078d1ac9338744f61a02 -> 
  custom:container-muxer-webm: aa71ff27fc2769a1b78a27578f13a17b -> 
  custom:video-decoder-webm-vp8: 9c59270c3fd7afecdb556c50c9e8de78 -> 
  custom:SearchIndexIgnoredProperties: e643bd26f0fe6173181afceb89e7c659 -> 
  custom:AudioImporter_EditorPlatform: d09bf68614088b80899f8185d706f6e7 -> 
  custom:video-encoder-webm-vp8: eb34c28f22e8b96e1ab97ce403110664 -> 
  custom:audio-decoder-ogg-vorbis: bf7c407c2cedff20999df2af8eb42d56 -> 
  custom:audio-encoder-webm-vorbis: bf7c407c2cedff20999df2af8eb42d56 -> 
========================================================================
Received Import Request.
  Time since last request: 497.426960 seconds.
  path: Assets/scripts/Player/playerCharacter_walkforward.anim
  artifactKey: Guid(429e81fd8bf174804aa54b458c3844e5) Importer(815301076,1909f56bfc062723c751e8b465ee728b)
Start importing Assets/scripts/Player/playerCharacter_walkforward.anim using Guid(429e81fd8bf174804aa54b458c3844e5) Importer(815301076,1909f56bfc062723c751e8b465ee728b)  -> (artifact id: '413b11144f1c7057e6d15dffa07e413c') in 0.016331 seconds
Number of updated asset objects reloaded before import = 0
Number of asset objects unloaded after import = 1
========================================================================
Received Import Request.
  Time since last request: 252.186579 seconds.
  path: Assets/scripts/Player/CharacterController2D.cs
  artifactKey: Guid(f3b13efa4e9b141fd8cc048855fc88fe) Importer(815301076,1909f56bfc062723c751e8b465ee728b)
Start importing Assets/scripts/Player/CharacterController2D.cs using Guid(f3b13efa4e9b141fd8cc048855fc88fe) Importer(815301076,1909f56bfc062723c751e8b465ee728b)  -> (artifact id: '4edebb7a6aa3a1bfe99695d09ac4b876') in 0.005641 seconds
Number of updated asset objects reloaded before import = 0
Number of asset objects unloaded after import = 0
========================================================================
Received Import Request.
  Time since last request: 48.320049 seconds.
  path: Assets/scripts/Player/CharacterController2D.cs
  artifactKey: Guid(f3b13efa4e9b141fd8cc048855fc88fe) Importer(815301076,1909f56bfc062723c751e8b465ee728b)
Start importing Assets/scripts/Player/CharacterController2D.cs using Guid(f3b13efa4e9b141fd8cc048855fc88fe) Importer(815301076,1909f56bfc062723c751e8b465ee728b)  -> (artifact id: 'fce9ec8778910c624a0fcbb1716700d8') in 0.001513 seconds
Number of updated asset objects reloaded before import = 0
Number of asset objects unloaded after import = 0
========================================================================
Received Import Request.
  Time since last request: 33.507986 seconds.
  path: Assets/scripts/Player/CharacterController2D.cs
  artifactKey: Guid(f3b13efa4e9b141fd8cc048855fc88fe) Importer(815301076,1909f56bfc062723c751e8b465ee728b)
Start importing Assets/scripts/Player/CharacterController2D.cs using Guid(f3b13efa4e9b141fd8cc048855fc88fe) Importer(815301076,1909f56bfc062723c751e8b465ee728b)  -> (artifact id: '37121372288a2caed518ca1b21120b5f') in 0.003420 seconds
Number of updated asset objects reloaded before import = 0
Number of asset objects unloaded after import = 0
========================================================================
Received Import Request.
  Time since last request: 28.925862 seconds.
  path: Assets/scripts/Player/CharacterController2D.cs
  artifactKey: Guid(f3b13efa4e9b141fd8cc048855fc88fe) Importer(815301076,1909f56bfc062723c751e8b465ee728b)
Start importing Assets/scripts/Player/CharacterController2D.cs using Guid(f3b13efa4e9b141fd8cc048855fc88fe) Importer(815301076,1909f56bfc062723c751e8b465ee728b)  -> (artifact id: '07126c54f9fccd59f10675e054830e06') in 0.009629 seconds
Number of updated asset objects reloaded before import = 0
Number of asset objects unloaded after import = 0
========================================================================
Received Import Request.
  Time since last request: 8.021228 seconds.
  path: Assets/scripts/Player/CharacterController2D.cs
  artifactKey: Guid(f3b13efa4e9b141fd8cc048855fc88fe) Importer(815301076,1909f56bfc062723c751e8b465ee728b)
Start importing Assets/scripts/Player/CharacterController2D.cs using Guid(f3b13efa4e9b141fd8cc048855fc88fe) Importer(815301076,1909f56bfc062723c751e8b465ee728b)  -> (artifact id: '75442e157e7d7024fe3ffbd16a7c575a') in 0.002007 seconds
Number of updated asset objects reloaded before import = 0
Number of asset objects unloaded after import = 0
========================================================================
Received Import Request.
  Time since last request: 17.575592 seconds.
  path: Assets/scripts/Player/CharacterController2D.cs
  artifactKey: Guid(f3b13efa4e9b141fd8cc048855fc88fe) Importer(815301076,1909f56bfc062723c751e8b465ee728b)
Start importing Assets/scripts/Player/CharacterController2D.cs using Guid(f3b13efa4e9b141fd8cc048855fc88fe) Importer(815301076,1909f56bfc062723c751e8b465ee728b)  -> (artifact id: '1771d37afce7e2a5088e73b9b86844d6') in 0.010450 seconds
Number of updated asset objects reloaded before import = 0
Number of asset objects unloaded after import = 0
========================================================================
Received Import Request.
  Time since last request: 76.301703 seconds.
  path: Assets/scripts/Player/CharacterController2D.cs
  artifactKey: Guid(f3b13efa4e9b141fd8cc048855fc88fe) Importer(815301076,1909f56bfc062723c751e8b465ee728b)
Start importing Assets/scripts/Player/CharacterController2D.cs using Guid(f3b13efa4e9b141fd8cc048855fc88fe) Importer(815301076,1909f56bfc062723c751e8b465ee728b)  -> (artifact id: '426f6c14da9d7e4f4087b1b0235496cc') in 0.002878 seconds
Number of updated asset objects reloaded before import = 0
Number of asset objects unloaded after import = 0
========================================================================
Received Import Request.
  Time since last request: 130.098642 seconds.
  path: Assets/scripts/Player/CharacterController2D.cs
  artifactKey: Guid(f3b13efa4e9b141fd8cc048855fc88fe) Importer(815301076,1909f56bfc062723c751e8b465ee728b)
Start importing Assets/scripts/Player/CharacterController2D.cs using Guid(f3b13efa4e9b141fd8cc048855fc88fe) Importer(815301076,1909f56bfc062723c751e8b465ee728b)  -> (artifact id: '975223e0346835b0a7de3eb1652e05dc') in 0.011767 seconds
Number of updated asset objects reloaded before import = 0
Number of asset objects unloaded after import = 0
========================================================================
Received Import Request.
  Time since last request: 16.654010 seconds.
  path: Assets/scripts/Player/CharacterController2D.cs
  artifactKey: Guid(f3b13efa4e9b141fd8cc048855fc88fe) Importer(815301076,1909f56bfc062723c751e8b465ee728b)
Start importing Assets/scripts/Player/CharacterController2D.cs using Guid(f3b13efa4e9b141fd8cc048855fc88fe) Importer(815301076,1909f56bfc062723c751e8b465ee728b)  -> (artifact id: '83f5e88c2d7eab3188625bdcf9ad16ae') in 0.001089 seconds
Number of updated asset objects reloaded before import = 0
Number of asset objects unloaded after import = 0
========================================================================
Received Import Request.
  Time since last request: 47.288150 seconds.
  path: Assets/scripts/Player/CharacterController2D.cs
  artifactKey: Guid(f3b13efa4e9b141fd8cc048855fc88fe) Importer(815301076,1909f56bfc062723c751e8b465ee728b)
Start importing Assets/scripts/Player/CharacterController2D.cs using Guid(f3b13efa4e9b141fd8cc048855fc88fe) Importer(815301076,1909f56bfc062723c751e8b465ee728b)  -> (artifact id: '1674ff363c412184591551cb0d923336') in 0.000981 seconds
Number of updated asset objects reloaded before import = 0
Number of asset objects unloaded after import = 0
========================================================================
Received Import Request.
  Time since last request: 18.922644 seconds.
  path: Assets/scripts/Player/CharacterController2D.cs
  artifactKey: Guid(f3b13efa4e9b141fd8cc048855fc88fe) Importer(815301076,1909f56bfc062723c751e8b465ee728b)
Start importing Assets/scripts/Player/CharacterController2D.cs using Guid(f3b13efa4e9b141fd8cc048855fc88fe) Importer(815301076,1909f56bfc062723c751e8b465ee728b)  -> (artifact id: 'c7413144ef4a0c81b2c625637ada80bd') in 0.005625 seconds
Number of updated asset objects reloaded before import = 0
Number of asset objects unloaded after import = 0
========================================================================
Received Import Request.
  Time since last request: 74.548647 seconds.
  path: Assets/scripts/Player/CharacterController2D.cs
  artifactKey: Guid(f3b13efa4e9b141fd8cc048855fc88fe) Importer(815301076,1909f56bfc062723c751e8b465ee728b)
Start importing Assets/scripts/Player/CharacterController2D.cs using Guid(f3b13efa4e9b141fd8cc048855fc88fe) Importer(815301076,1909f56bfc062723c751e8b465ee728b)  -> (artifact id: 'dbda604d70fcb67db4d20c0f7b7f9721') in 0.002354 seconds
Number of updated asset objects reloaded before import = 0
Number of asset objects unloaded after import = 0
========================================================================
Received Import Request.
  Time since last request: 17.563444 seconds.
  path: Assets/scripts/Player/CharacterController2D.cs
  artifactKey: Guid(f3b13efa4e9b141fd8cc048855fc88fe) Importer(815301076,1909f56bfc062723c751e8b465ee728b)
Start importing Assets/scripts/Player/CharacterController2D.cs using Guid(f3b13efa4e9b141fd8cc048855fc88fe) Importer(815301076,1909f56bfc062723c751e8b465ee728b)  -> (artifact id: '16f841b06f15db415547189b2a5db0c2') in 0.000797 seconds
Number of updated asset objects reloaded before import = 0
Number of asset objects unloaded after import = 0
========================================================================
Received Import Request.
  Time since last request: 32.075555 seconds.
  path: Assets/scripts/Player/CharacterController2D.cs
  artifactKey: Guid(f3b13efa4e9b141fd8cc048855fc88fe) Importer(815301076,1909f56bfc062723c751e8b465ee728b)
Start importing Assets/scripts/Player/CharacterController2D.cs using Guid(f3b13efa4e9b141fd8cc048855fc88fe) Importer(815301076,1909f56bfc062723c751e8b465ee728b)  -> (artifact id: 'fdfc13605c1763f1646a7baff488603c') in 0.004031 seconds
Number of updated asset objects reloaded before import = 0
Number of asset objects unloaded after import = 0
========================================================================
Received Import Request.
  Time since last request: 44.355524 seconds.
  path: Assets/scripts/Player/CharacterController2D.cs
  artifactKey: Guid(f3b13efa4e9b141fd8cc048855fc88fe) Importer(815301076,1909f56bfc062723c751e8b465ee728b)
Start importing Assets/scripts/Player/CharacterController2D.cs using Guid(f3b13efa4e9b141fd8cc048855fc88fe) Importer(815301076,1909f56bfc062723c751e8b465ee728b)  -> (artifact id: 'df0defaf1fbde15224968c1d114b8239') in 0.000762 seconds
Number of updated asset objects reloaded before import = 0
Number of asset objects unloaded after import = 0
========================================================================
Received Import Request.
  Time since last request: 42.201646 seconds.
  path: Assets/scripts/Player/CharacterController2D.cs
  artifactKey: Guid(f3b13efa4e9b141fd8cc048855fc88fe) Importer(815301076,1909f56bfc062723c751e8b465ee728b)
Start importing Assets/scripts/Player/CharacterController2D.cs using Guid(f3b13efa4e9b141fd8cc048855fc88fe) Importer(815301076,1909f56bfc062723c751e8b465ee728b)  -> (artifact id: 'bfb9c6d63e78e41ef2060f24f4db194d') in 0.001014 seconds
Number of updated asset objects reloaded before import = 0
Number of asset objects unloaded after import = 0
========================================================================
Received Import Request.
  Time since last request: 139.788664 seconds.
  path: Assets/scripts/Player/CharacterController2D.cs
  artifactKey: Guid(f3b13efa4e9b141fd8cc048855fc88fe) Importer(815301076,1909f56bfc062723c751e8b465ee728b)
Start importing Assets/scripts/Player/CharacterController2D.cs using Guid(f3b13efa4e9b141fd8cc048855fc88fe) Importer(815301076,1909f56bfc062723c751e8b465ee728b)  -> (artifact id: '13b0cdb64a255359909d9e3d7a5f91ad') in 0.005227 seconds
Number of updated asset objects reloaded before import = 0
Number of asset objects unloaded after import = 0
========================================================================
Received Import Request.
  Time since last request: 14.402603 seconds.
  path: Assets/scripts/Player/CharacterController2D.cs
  artifactKey: Guid(f3b13efa4e9b141fd8cc048855fc88fe) Importer(815301076,1909f56bfc062723c751e8b465ee728b)
Start importing Assets/scripts/Player/CharacterController2D.cs using Guid(f3b13efa4e9b141fd8cc048855fc88fe) Importer(815301076,1909f56bfc062723c751e8b465ee728b)  -> (artifact id: 'c65918dd7d049cde170f62b477f44ba0') in 0.001395 seconds
Number of updated asset objects reloaded before import = 0
Number of asset objects unloaded after import = 0
========================================================================
Received Import Request.
  Time since last request: 13.291139 seconds.
  path: Assets/scripts/Player/CharacterController2D.cs
  artifactKey: Guid(f3b13efa4e9b141fd8cc048855fc88fe) Importer(815301076,1909f56bfc062723c751e8b465ee728b)
Start importing Assets/scripts/Player/CharacterController2D.cs using Guid(f3b13efa4e9b141fd8cc048855fc88fe) Importer(815301076,1909f56bfc062723c751e8b465ee728b)  -> (artifact id: '335e1f777c742ac8a328e8a7dacb5e29') in 0.004588 seconds
Number of updated asset objects reloaded before import = 0
Number of asset objects unloaded after import = 0
========================================================================
Received Import Request.
  Time since last request: 15.585877 seconds.
  path: Assets/scripts/Player/CharacterController2D.cs
  artifactKey: Guid(f3b13efa4e9b141fd8cc048855fc88fe) Importer(815301076,1909f56bfc062723c751e8b465ee728b)
Start importing Assets/scripts/Player/CharacterController2D.cs using Guid(f3b13efa4e9b141fd8cc048855fc88fe) Importer(815301076,1909f56bfc062723c751e8b465ee728b)  -> (artifact id: 'b91384f002b96bb108e9722c7da23568') in 0.004192 seconds
Number of updated asset objects reloaded before import = 0
Number of asset objects unloaded after import = 0
========================================================================
Received Import Request.
  Time since last request: 45.889566 seconds.
  path: Assets/scripts/Player/CharacterController2D.cs
  artifactKey: Guid(f3b13efa4e9b141fd8cc048855fc88fe) Importer(815301076,1909f56bfc062723c751e8b465ee728b)
Start importing Assets/scripts/Player/CharacterController2D.cs using Guid(f3b13efa4e9b141fd8cc048855fc88fe) Importer(815301076,1909f56bfc062723c751e8b465ee728b)  -> (artifact id: '0f9b793615712b63d265c4aacd5ea846') in 0.002410 seconds
Number of updated asset objects reloaded before import = 0
Number of asset objects unloaded after import = 0
========================================================================
Received Import Request.
  Time since last request: 80.554451 seconds.
  path: Assets/scripts/Player/CharacterController2D.cs
  artifactKey: Guid(f3b13efa4e9b141fd8cc048855fc88fe) Importer(815301076,1909f56bfc062723c751e8b465ee728b)
Start importing Assets/scripts/Player/CharacterController2D.cs using Guid(f3b13efa4e9b141fd8cc048855fc88fe) Importer(815301076,1909f56bfc062723c751e8b465ee728b)  -> (artifact id: '392476a5b04444fd2d18fc6cb356c18a') in 0.004891 seconds
Number of updated asset objects reloaded before import = 0
Number of asset objects unloaded after import = 0
========================================================================
Received Import Request.
  Time since last request: 52.243691 seconds.
  path: Assets/scripts/Player/CharacterController2D.cs
  artifactKey: Guid(f3b13efa4e9b141fd8cc048855fc88fe) Importer(815301076,1909f56bfc062723c751e8b465ee728b)
Start importing Assets/scripts/Player/CharacterController2D.cs using Guid(f3b13efa4e9b141fd8cc048855fc88fe) Importer(815301076,1909f56bfc062723c751e8b465ee728b)  -> (artifact id: '3a60f227d4bdacd850b8a1cffa88bd50') in 0.003004 seconds
Number of updated asset objects reloaded before import = 0
Number of asset objects unloaded after import = 0
========================================================================
Received Import Request.
  Time since last request: 25.287010 seconds.
  path: Assets/scripts/Player/CharacterController2D.cs
  artifactKey: Guid(f3b13efa4e9b141fd8cc048855fc88fe) Importer(815301076,1909f56bfc062723c751e8b465ee728b)
Start importing Assets/scripts/Player/CharacterController2D.cs using Guid(f3b13efa4e9b141fd8cc048855fc88fe) Importer(815301076,1909f56bfc062723c751e8b465ee728b)  -> (artifact id: '1de6c578dcccc43b376a025e7fb96657') in 0.001290 seconds
Number of updated asset objects reloaded before import = 0
Number of asset objects unloaded after import = 0
========================================================================
Received Import Request.
  Time since last request: 9.587908 seconds.
  path: Assets/scripts/Player/CharacterController2D.cs
  artifactKey: Guid(f3b13efa4e9b141fd8cc048855fc88fe) Importer(815301076,1909f56bfc062723c751e8b465ee728b)
Start importing Assets/scripts/Player/CharacterController2D.cs using Guid(f3b13efa4e9b141fd8cc048855fc88fe) Importer(815301076,1909f56bfc062723c751e8b465ee728b)  -> (artifact id: '0eecd7e218da0ba834e9565f499efe67') in 0.010997 seconds
Number of updated asset objects reloaded before import = 0
Number of asset objects unloaded after import = 0
========================================================================
Received Import Request.
  Time since last request: 9.536847 seconds.
  path: Assets/scripts/Player/CharacterController2D.cs
  artifactKey: Guid(f3b13efa4e9b141fd8cc048855fc88fe) Importer(815301076,1909f56bfc062723c751e8b465ee728b)
Start importing Assets/scripts/Player/CharacterController2D.cs using Guid(f3b13efa4e9b141fd8cc048855fc88fe) Importer(815301076,1909f56bfc062723c751e8b465ee728b)  -> (artifact id: 'dc4e4546a5a83aa86e54577dca845ed6') in 0.004749 seconds
Number of updated asset objects reloaded before import = 0
Number of asset objects unloaded after import = 0
